 
****************************************
Report : power
        -analysis_effort low
Design : vsdcaravel
Version: T-2022.03-SP5
Date   : Tue Dec 23 16:42:22 2025
****************************************


Library(s) Used:

    tsl18fs120_scl_ff (File: /home/Synopsys/pdk/SCL_PDK_3/SCLPDK_V3.0_KIT/scl180/stdcell/fs120/4M1IL/liberty/lib_flow_ff/tsl18fs120_scl_ff.db)
    gtech (File: /home/Synopsys/tools/syn/T-2022.03-SP5/libraries/syn/gtech.db)
    tsl18cio250_min (File: /home/Synopsys/pdk/SCL_PDK_3/SCLPDK_V3.0_KIT/scl180/iopad/cio250/4M1L/liberty/tsl18cio250_min.db)


Operating Conditions: tsl18cio250_min   Library: tsl18cio250_min
Wire Load Model Mode: enclosed

Design        Wire Load Model            Library
------------------------------------------------
vsdcaravel             ForQA             tsl18cio250_min
chip_io                4000              tsl18cio250_min
caravel_core           ForQA             tsl18cio250_min
mprj_io                ForQA             tsl18cio250_min
mgmt_core_wrapper      ForQA             tsl18cio250_min
mgmt_protect           4000              tsl18cio250_min
user_project_wrapper   16000             tsl18cio250_min
caravel_clocking       8000              tsl18cio250_min
digital_pll            8000              tsl18cio250_min
housekeeping           140000            tsl18cio250_min
mprj_io_buffer         4000              tsl18cio250_min
gpio_control_block_0   4000              tsl18cio250_min
xres_buf               ForQA             tsl18cio250_min
spare_logic_block_0    ForQA             tsl18cio250_min
mgmt_core              ForQA             tsl18cio250_min
debug_regs             16000             tsl18cio250_min
clock_div_SIZE3_0      4000              tsl18cio250_min
ring_osc2x13           4000              tsl18cio250_min
digital_pll_controller 4000              tsl18cio250_min
housekeeping_spi       8000              tsl18cio250_min
RAM256                 ForQA             tsl18cio250_min
VexRiscv               540000            tsl18cio250_min
even_0                 4000              tsl18cio250_min
odd_0                  4000              tsl18cio250_min
delay_stage_0          4000              tsl18cio250_min
start_stage            4000              tsl18cio250_min
InstructionCache       140000            tsl18cio250_min
gpio_control_block_1   4000              tsl18cio250_min
gpio_control_block_2   4000              tsl18cio250_min
gpio_control_block_3   4000              tsl18cio250_min
gpio_control_block_4   4000              tsl18cio250_min
gpio_control_block_5   4000              tsl18cio250_min
gpio_control_block_6   4000              tsl18cio250_min
gpio_control_block_7   4000              tsl18cio250_min
gpio_control_block_8   4000              tsl18cio250_min
gpio_control_block_9   4000              tsl18cio250_min
gpio_control_block_10  4000              tsl18cio250_min
gpio_control_block_11  4000              tsl18cio250_min
gpio_control_block_12  4000              tsl18cio250_min
gpio_control_block_13  4000              tsl18cio250_min
gpio_control_block_14  4000              tsl18cio250_min
gpio_control_block_15  4000              tsl18cio250_min
gpio_control_block_16  4000              tsl18cio250_min
gpio_control_block_17  4000              tsl18cio250_min
gpio_control_block_18  4000              tsl18cio250_min
gpio_control_block_19  4000              tsl18cio250_min
gpio_control_block_20  4000              tsl18cio250_min
gpio_control_block_21  4000              tsl18cio250_min
gpio_control_block_22  4000              tsl18cio250_min
gpio_control_block_23  4000              tsl18cio250_min
gpio_control_block_24  4000              tsl18cio250_min
gpio_control_block_25  4000              tsl18cio250_min
gpio_control_block_26  4000              tsl18cio250_min
gpio_control_block_27  4000              tsl18cio250_min
gpio_control_block_28  4000              tsl18cio250_min
gpio_control_block_29  4000              tsl18cio250_min
gpio_control_block_30  4000              tsl18cio250_min
gpio_control_block_31  4000              tsl18cio250_min
gpio_control_block_32  4000              tsl18cio250_min
gpio_control_block_33  4000              tsl18cio250_min
gpio_control_block_34  4000              tsl18cio250_min
gpio_control_block_35  4000              tsl18cio250_min
gpio_control_block_36  4000              tsl18cio250_min
gpio_control_block_37  4000              tsl18cio250_min
spare_logic_block_1    ForQA             tsl18cio250_min
spare_logic_block_2    ForQA             tsl18cio250_min
spare_logic_block_3    ForQA             tsl18cio250_min
clock_div_SIZE3_1      4000              tsl18cio250_min
even_1                 4000              tsl18cio250_min
odd_1                  4000              tsl18cio250_min
delay_stage_1          ForQA             tsl18cio250_min
delay_stage_2          ForQA             tsl18cio250_min
delay_stage_3          ForQA             tsl18cio250_min
delay_stage_4          ForQA             tsl18cio250_min
delay_stage_5          ForQA             tsl18cio250_min
delay_stage_6          4000              tsl18cio250_min
delay_stage_7          ForQA             tsl18cio250_min
delay_stage_8          ForQA             tsl18cio250_min
delay_stage_9          ForQA             tsl18cio250_min
delay_stage_10         ForQA             tsl18cio250_min
delay_stage_11         ForQA             tsl18cio250_min
housekeeping_DW_decode_en_0
                       4000              tsl18cio250_min
housekeeping_spi_DW01_inc_0
                       4000              tsl18cio250_min
digital_pll_controller_DP_OP_20_122_7403_0
                       4000              tsl18cio250_min
mgmt_core_DP_OP_1017_127_5950_0
                       4000              tsl18cio250_min
mgmt_core_DP_OP_1015_125_4494_0
                       4000              tsl18cio250_min
mgmt_core_DP_OP_1014_124_2453_0
                       4000              tsl18cio250_min
mgmt_core_DW01_dec_0   4000              tsl18cio250_min
mgmt_core_DW01_dec_1   4000              tsl18cio250_min
mgmt_core_DW01_add_0   4000              tsl18cio250_min
mgmt_core_DW01_add_1   4000              tsl18cio250_min
mgmt_core_DW01_add_2   4000              tsl18cio250_min
mgmt_core_DW01_add_3   4000              tsl18cio250_min
mgmt_core_DW01_inc_2   4000              tsl18cio250_min
mgmt_core_DW01_inc_3   4000              tsl18cio250_min
mgmt_core_DW01_dec_5   4000              tsl18cio250_min
mgmt_core_DW01_inc_4   4000              tsl18cio250_min
mgmt_core_DW01_add_4   4000              tsl18cio250_min
mgmt_core_DW01_inc_5   4000              tsl18cio250_min
mgmt_core_DW01_inc_6   4000              tsl18cio250_min
VexRiscv_DP_OP_472_123_8766_0
                       4000              tsl18cio250_min
VexRiscv_DW01_add_0    4000              tsl18cio250_min
VexRiscv_DW01_add_1    4000              tsl18cio250_min
digital_pll_controller_DP_OP_19_128_3538_0
                       4000              tsl18cio250_min


Global Operating Voltage = 1.98 
Power-specific unit information :
    Voltage Units = 1V
    Capacitance Units = 1.000000pf
    Time Units = 1ns
    Dynamic Power Units = 1mW    (derived from V,C,T units)
    Leakage Power Units = 1pW


Attributes
----------
i - Including register clock pin internal power


  Cell Internal Power  =   2.0141 mW   (35%)
  Net Switching Power  =   3.7331 mW   (65%)
                         ---------
Total Dynamic Power    =   5.7472 mW  (100%)

Cell Leakage Power     =   1.0210 uW


                 Internal         Switching           Leakage            Total
Power Group      Power            Power               Power              Power   (   %    )  Attrs
--------------------------------------------------------------------------------------------------
io_pad         6.9391e-02        1.5620e-03        2.7076e+04        7.0980e-02  (   1.54%)
memory             0.0000            0.0000            0.0000            0.0000  (   0.00%)
black_box          0.0000        4.2428e-03           62.7200        4.2429e-03  (   0.09%)
clock_network      1.8422            1.8338        4.8520e+04            3.6760  (  80.01%)  i
register       7.9167e-02        9.4427e-03        6.4279e+05        8.9251e-02  (   1.94%)
sequential     2.0632e-03            0.0000        8.0768e+03        2.0713e-03  (   0.05%)
combinational  2.1270e-02            0.7304        2.9445e+05            0.7520  (  16.37%)
--------------------------------------------------------------------------------------------------
Total              2.0141 mW         2.5795 mW     1.0210e+06 pW         4.5946 mW
1
